<?xml version="1.0" encoding="UTF-8"?>
<!-- Generated by org.testng.reporters.JUnitReportReporter -->
<testsuite hostname="LIN59015718" failures="0" tests="1" name="Runner.testrunner" time="29.999" errors="0" timestamp="10 May 2021 13:01:33 GMT" skipped="0">
  <testcase classname="Runner.testrunner" name="feature" time="29.999"/>
</testsuite> <!-- Runner.testrunner -->
